<?xml version="1.0" encoding="UTF-8"?>
<!-- Generated by org.testng.reporters.JUnitReportReporter -->
<testsuite skipped="0" hostname="Benny-computer" name="tests.LoginTest" tests="3" failures="0" timestamp="21 Dec 2018 08:55:13 GMT" time="6.230" errors="0">
  <testcase name="lg1_loginFailed" time="0.278" classname="tests.LoginTest"/>
  <testcase name="lg11_loginFailed" time="0.396" classname="tests.LoginTest"/>
  <testcase name="lg2_loginSucced" time="5.556" classname="tests.LoginTest"/>
</testsuite> <!-- tests.LoginTest -->
