<?xml version="1.0" encoding="UTF-8"?>
<!-- Generated by org.testng.reporters.JUnitReportReporter -->
<testsuite skipped="0" hostname="Benny-computer" name="tests.AddToCartTest" tests="2" failures="0" timestamp="21 Dec 2018 08:55:13 GMT" time="8.174" errors="0">
  <testcase name="addToCartSucceed" time="1.918" classname="tests.AddToCartTest"/>
  <testcase name="addToCartCancel" time="6.256" classname="tests.AddToCartTest"/>
</testsuite> <!-- tests.AddToCartTest -->
